<?xml version="1.0" encoding="UTF-8"?>
<testsuite xmlns:xsi="http://www.w3.org/2001/XMLSchema-instance" xsi:noNamespaceSchemaLocation="https://maven.apache.org/surefire/maven-surefire-plugin/xsd/surefire-test-report.xsd" version="3.0.2" name="com.paxaris.identity_service.IdentityServiceApplicationTests" time="11.56" tests="1" errors="0" skipped="0" failures="0">
  <properties>
[...]
</properties>
  <testcase name="contextLoads" classname="com.paxaris.identity_service.IdentityServiceApplicationTests" time="1.709">
    <system-out><![CDATA[16:26:45.887 [main] INFO org.springframework.test.context.support.AnnotationConfigContextLoaderUtils -- Could not detect default configuration classes for test class [com.paxaris.identity_service.IdentityServiceApplicationTests]: IdentityServiceApplicationTests does not declare any static, non-private, non-final, nested classes annotated with @Configuration.
16:26:46.307 [main] INFO org.springframework.boot.test.context.SpringBootTestContextBootstrapper -- Found @SpringBootConfiguration com.paxaris.identity_service.identityService for test class com.paxaris.identity_service.IdentityServiceApplicationTests

  .   ____          _            __ _ _
 /\\ / ___'_ __ _ _(_)_ __  __ _ \ \ \ \
( ( )\___ | '_ | '_| | '_ \/ _` | \ \ \ \
 \\/  ___)| |_)| | | | | || (_| |  ) ) ) )
  '  |____| .__|_| |_|_| |_\__, | / / / /
 =========|_|==============|___/=/_/_/_/

 :: Spring Boot ::                (v3.5.4)

2026-03-10T16:26:47.575+05:30  INFO 13392 --- [identity_service] [           main] c.p.i.IdentityServiceApplicationTests    : Starting IdentityServiceApplicationTests using Java 21.0.5 with PID 13392 (started by Admin in D:\paxo_base_project\identity_service)
2026-03-10T16:26:47.581+05:30  INFO 13392 --- [identity_service] [           main] c.p.i.IdentityServiceApplicationTests    : No active profile set, falling back to 1 default profile: "default"
2026-03-10T16:26:52.783+05:30  INFO 13392 --- [identity_service] [           main] r$InitializeUserDetailsManagerConfigurer : Global AuthenticationManager configured with UserDetailsService bean with name userDetailsService
2026-03-10T16:26:55.036+05:30  INFO 13392 --- [identity_service] [           main] c.p.i.IdentityServiceApplicationTests    : Started IdentityServiceApplicationTests in 8.361 seconds (process running for 12.119)
]]></system-out>
    <system-err><![CDATA[Mockito is currently self-attaching to enable the inline-mock-maker. This will no longer work in future releases of the JDK. Please add Mockito as an agent to your build as described in Mockito's documentation: https://javadoc.io/doc/org.mockito/mockito-core/latest/org.mockito/org/mockito/Mockito.html#0.3
WARNING: A Java agent has been loaded dynamically (C:\Users\Admin\.m2\repository\net\bytebuddy\byte-buddy-agent\1.17.6\byte-buddy-agent-1.17.6.jar)
WARNING: If a serviceability tool is in use, please run with -XX:+EnableDynamicAgentLoading to hide this warning
WARNING: If a serviceability tool is not in use, please run with -Djdk.instrument.traceUsage for more information
WARNING: Dynamic loading of agents will be disallowed by default in a future release
]]></system-err>
  </testcase>
</testsuite>