<?xml version="1.0" encoding="UTF-8"?>
<testsuite xmlns:xsi="http://www.w3.org/2001/XMLSchema-instance" xsi:noNamespaceSchemaLocation="https://maven.apache.org/surefire/maven-surefire-plugin/xsd/surefire-test-report.xsd" version="3.0.2" name="com.paxaris.identity_service.config.CorrelationIdFilterTest" time="1.799" tests="2" errors="0" skipped="0" failures="0">
  <properties>
[...]
</properties>
  <testcase name="shouldGenerateCorrelationIdWhenHeaderMissing" classname="com.paxaris.identity_service.config.CorrelationIdFilterTest" time="1.468"/>
  <testcase name="shouldReuseIncomingCorrelationId" classname="com.paxaris.identity_service.config.CorrelationIdFilterTest" time="0.006"/>
</testsuite>